<?xml version="1.0" encoding="UTF-8"?>
<!-- Generated by org.testng.reporters.JUnitReportReporter -->
<testsuite hostname="DESKTOP-EG2TCBN" failures="0" tests="3" name="test.ExcelTest" time="0.019" errors="0" timestamp="2023-02-03T12:45:47 IST" skipped="0">
  <testcase classname="test.ExcelTest" name="test1" time="0.011"/>
  <system-out/>
  <testcase classname="test.ExcelTest" name="test1" time="0.003"/>
  <system-out/>
  <testcase classname="test.ExcelTest" name="test1" time="0.005"/>
  <system-out/>
</testsuite> <!-- test.ExcelTest -->
